2023-04-11 02:08:25,410 [INFO] Activator:178 - 


2023-04-11 02:08:25,412 [INFO] Activator:179 - !SESSION log4j initialized
2023-04-11 02:08:29,476 [INFO] ApplicationProperties:181 - Using Application install path: C:\ST\STM32CubeIDE_1.4.0\STM32CubeIDE\plugins\com.st.stm32cube.common.mx_6.0.0.202007160824
2023-04-11 02:08:29,487 [INFO] DbMcusXml:70 - Set database path to: C:\ST\STM32CubeIDE_1.4.0\STM32CubeIDE\plugins\com.st.stm32cube.common.mx_6.0.0.202007160824\\db\/mcu/
2023-04-11 02:08:29,490 [INFO] DbBoardsPdsc:56 - Set plugin database path to: C:\ST\STM32CubeIDE_1.4.0\STM32CubeIDE\plugins\com.st.stm32cube.common.mx_6.0.0.202007160824\\db\/plugins/boardmanager/
2023-04-11 02:08:29,491 [INFO] DbMcus:258 - Set plugin images path to: C:\ST\STM32CubeIDE_1.4.0\STM32CubeIDE\plugins\com.st.stm32cube.common.mx_6.0.0.202007160824\\db\/plugins/mcufinder/images/
2023-04-11 02:08:29,491 [INFO] DbBoards:264 - Set plugin images path to: C:\ST\STM32CubeIDE_1.4.0\STM32CubeIDE\plugins\com.st.stm32cube.common.mx_6.0.0.202007160824\\db\/plugins/mcufinder/images/
2023-04-11 02:08:29,494 [INFO] DbExamples:326 - Set plugin images path to: C:\ST\STM32CubeIDE_1.4.0\STM32CubeIDE\plugins\com.st.stm32cube.common.mx_6.0.0.202007160824\\db\/plugins/mcufinder/images/
2023-04-11 02:08:29,500 [INFO] DbMcusDocs:112 - Set database path to: C:\Users\ibrah\.stmcufinder\plugins\mcufinder//mcu/
2023-04-11 02:08:29,502 [INFO] DbMcusJson:63 - Set database path to: C:\Users\ibrah\.stmcufinder\plugins\mcufinder//mcu/
2023-04-11 02:08:29,503 [INFO] DbBoardsDocs:112 - Set database path to: C:\Users\ibrah\.stmcufinder\plugins\mcufinder//mcu/
2023-04-11 02:08:29,504 [INFO] DbBoardsJson:56 - Set database path to: C:\Users\ibrah\.stmcufinder\plugins\mcufinder//mcu/
2023-04-11 02:08:29,507 [INFO] CrossReferenceDbSqlite:196 - Set database path to: C:\Users\ibrah\.stmcufinder\plugins\mcufinder//mcu/cs/
2023-04-11 02:08:29,508 [INFO] DbExamplesSqlite:800 - Set database path to: C:\Users\ibrah\.stmcufinder\plugins\mcufinder//mcu/
2023-04-11 02:08:29,604 [INFO] RulesReader:52 - Compatibility file has been processed (209 Rules)
2023-04-11 02:08:29,691 [INFO] MicroXplorer:564 - Detected Java Version = 1.8.0_252
2023-04-11 02:08:29,691 [INFO] DbMcusXml:70 - Set database path to: C:\ST\STM32CubeIDE_1.4.0\STM32CubeIDE\plugins\com.st.stm32cube.common.mx_6.0.0.202007160824\\db\/mcu/
2023-04-11 02:08:29,691 [INFO] DbBoardsPdsc:56 - Set plugin database path to: C:\ST\STM32CubeIDE_1.4.0\STM32CubeIDE\plugins\com.st.stm32cube.common.mx_6.0.0.202007160824\\db\/plugins/boardmanager/
2023-04-11 02:08:29,692 [INFO] DbMcus:258 - Set plugin images path to: C:\ST\STM32CubeIDE_1.4.0\STM32CubeIDE\plugins\com.st.stm32cube.common.mx_6.0.0.202007160824\\db\/plugins/mcufinder/images/
2023-04-11 02:08:29,692 [INFO] DbBoards:264 - Set plugin images path to: C:\ST\STM32CubeIDE_1.4.0\STM32CubeIDE\plugins\com.st.stm32cube.common.mx_6.0.0.202007160824\\db\/plugins/mcufinder/images/
2023-04-11 02:08:29,692 [INFO] DbExamples:326 - Set plugin images path to: C:\ST\STM32CubeIDE_1.4.0\STM32CubeIDE\plugins\com.st.stm32cube.common.mx_6.0.0.202007160824\\db\/plugins/mcufinder/images/
2023-04-11 02:08:29,692 [WARN] DbFile:36 - Overriding database path with different value: C:\Users\ibrah\.stmcufinder\plugins\mcufinder/ => C:\Users\ibrah\.stmcufinder\plugins\mcufinder
2023-04-11 02:08:29,693 [INFO] DbMcusDocs:112 - Set database path to: C:\Users\ibrah\.stmcufinder\plugins\mcufinder//mcu/
2023-04-11 02:08:29,693 [WARN] DbFile:36 - Overriding database path with different value: C:\Users\ibrah\.stmcufinder\plugins\mcufinder/ => C:\Users\ibrah\.stmcufinder\plugins\mcufinder
2023-04-11 02:08:29,693 [INFO] DbMcusJson:63 - Set database path to: C:\Users\ibrah\.stmcufinder\plugins\mcufinder//mcu/
2023-04-11 02:08:29,693 [WARN] DbFile:36 - Overriding database path with different value: C:\Users\ibrah\.stmcufinder\plugins\mcufinder/ => C:\Users\ibrah\.stmcufinder\plugins\mcufinder
2023-04-11 02:08:29,693 [INFO] DbBoardsDocs:112 - Set database path to: C:\Users\ibrah\.stmcufinder\plugins\mcufinder//mcu/
2023-04-11 02:08:29,693 [WARN] DbFile:36 - Overriding database path with different value: C:\Users\ibrah\.stmcufinder\plugins\mcufinder/ => C:\Users\ibrah\.stmcufinder\plugins\mcufinder
2023-04-11 02:08:29,693 [INFO] DbBoardsJson:56 - Set database path to: C:\Users\ibrah\.stmcufinder\plugins\mcufinder//mcu/
2023-04-11 02:08:29,693 [WARN] DbFile:36 - Overriding database path with different value: C:\Users\ibrah\.stmcufinder\plugins\mcufinder/ => C:\Users\ibrah\.stmcufinder\plugins\mcufinder
2023-04-11 02:08:29,694 [WARN] DbFile:36 - Overriding database path with different value: C:\Users\ibrah\.stmcufinder\plugins\mcufinder/ => C:\Users\ibrah\.stmcufinder\plugins\mcufinder
2023-04-11 02:08:29,694 [INFO] CrossReferenceDbSqlite:196 - Set database path to: C:\Users\ibrah\.stmcufinder\plugins\mcufinder//mcu/cs/
2023-04-11 02:08:29,694 [WARN] DbFile:36 - Overriding database path with different value: C:\Users\ibrah\.stmcufinder\plugins\mcufinder/ => C:\Users\ibrah\.stmcufinder\plugins\mcufinder
2023-04-11 02:08:29,694 [INFO] DbExamplesSqlite:800 - Set database path to: C:\Users\ibrah\.stmcufinder\plugins\mcufinder//mcu/
2023-04-11 02:08:29,755 [INFO] MainPanel:189 - HeapMemory: 268435456
2023-04-11 02:08:29,828 [INFO] DbMcusXml:70 - Set database path to: C:\ST\STM32CubeIDE_1.4.0\STM32CubeIDE\plugins\com.st.stm32cube.common.mx_6.0.0.202007160824\\db\/mcu/
2023-04-11 02:08:29,828 [INFO] DbBoardsPdsc:56 - Set plugin database path to: C:\ST\STM32CubeIDE_1.4.0\STM32CubeIDE\plugins\com.st.stm32cube.common.mx_6.0.0.202007160824\\db\/plugins/boardmanager/
2023-04-11 02:08:29,828 [INFO] DbMcus:258 - Set plugin images path to: C:\ST\STM32CubeIDE_1.4.0\STM32CubeIDE\plugins\com.st.stm32cube.common.mx_6.0.0.202007160824\\db\/plugins/mcufinder/images/
2023-04-11 02:08:29,828 [INFO] DbBoards:264 - Set plugin images path to: C:\ST\STM32CubeIDE_1.4.0\STM32CubeIDE\plugins\com.st.stm32cube.common.mx_6.0.0.202007160824\\db\/plugins/mcufinder/images/
2023-04-11 02:08:29,829 [INFO] DbExamples:326 - Set plugin images path to: C:\ST\STM32CubeIDE_1.4.0\STM32CubeIDE\plugins\com.st.stm32cube.common.mx_6.0.0.202007160824\\db\/plugins/mcufinder/images/
2023-04-11 02:08:29,829 [WARN] DbFile:36 - Overriding database path with different value: C:\Users\ibrah\.stmcufinder\plugins\mcufinder/ => C:\Users\ibrah\.stmcufinder\plugins\mcufinder
2023-04-11 02:08:29,829 [INFO] DbMcusDocs:112 - Set database path to: C:\Users\ibrah\.stmcufinder\plugins\mcufinder//mcu/
2023-04-11 02:08:29,830 [WARN] DbFile:36 - Overriding database path with different value: C:\Users\ibrah\.stmcufinder\plugins\mcufinder/ => C:\Users\ibrah\.stmcufinder\plugins\mcufinder
2023-04-11 02:08:29,830 [INFO] DbMcusJson:63 - Set database path to: C:\Users\ibrah\.stmcufinder\plugins\mcufinder//mcu/
2023-04-11 02:08:29,830 [WARN] DbFile:36 - Overriding database path with different value: C:\Users\ibrah\.stmcufinder\plugins\mcufinder/ => C:\Users\ibrah\.stmcufinder\plugins\mcufinder
2023-04-11 02:08:29,830 [INFO] DbBoardsDocs:112 - Set database path to: C:\Users\ibrah\.stmcufinder\plugins\mcufinder//mcu/
2023-04-11 02:08:29,830 [WARN] DbFile:36 - Overriding database path with different value: C:\Users\ibrah\.stmcufinder\plugins\mcufinder/ => C:\Users\ibrah\.stmcufinder\plugins\mcufinder
2023-04-11 02:08:29,830 [INFO] DbBoardsJson:56 - Set database path to: C:\Users\ibrah\.stmcufinder\plugins\mcufinder//mcu/
2023-04-11 02:08:29,830 [WARN] DbFile:36 - Overriding database path with different value: C:\Users\ibrah\.stmcufinder\plugins\mcufinder/ => C:\Users\ibrah\.stmcufinder\plugins\mcufinder
2023-04-11 02:08:29,830 [WARN] DbFile:36 - Overriding database path with different value: C:\Users\ibrah\.stmcufinder\plugins\mcufinder/ => C:\Users\ibrah\.stmcufinder\plugins\mcufinder
2023-04-11 02:08:29,830 [INFO] CrossReferenceDbSqlite:196 - Set database path to: C:\Users\ibrah\.stmcufinder\plugins\mcufinder//mcu/cs/
2023-04-11 02:08:29,831 [WARN] DbFile:36 - Overriding database path with different value: C:\Users\ibrah\.stmcufinder\plugins\mcufinder/ => C:\Users\ibrah\.stmcufinder\plugins\mcufinder
2023-04-11 02:08:29,831 [INFO] DbExamplesSqlite:800 - Set database path to: C:\Users\ibrah\.stmcufinder\plugins\mcufinder//mcu/
2023-04-11 02:08:29,847 [INFO] ApplicationProperties:181 - Using Application install path: C:\ST\STM32CubeIDE_1.4.0\STM32CubeIDE\plugins\com.st.stm32cube.common.mx_6.0.0.202007160824
2023-04-11 02:08:29,848 [INFO] PluginManage:178 - Search for loadable plugins [exclusion list=, ]
2023-04-11 02:08:29,850 [INFO] PluginManage:292 - Check plugin analytics
2023-04-11 02:08:34,489 [INFO] AnalyticsPlugin:203 - Accepted Software Licenses: 
2023-04-11 02:08:34,490 [INFO] AnalyticsPlugin:205 - Accepted CMSIS Pack Licenses: 
2023-04-11 02:08:34,491 [INFO] AnalyticsPlugin:207 - Accepted Firmware Licenses: 
2023-04-11 02:08:34,491 [INFO] PluginManage:342 - Loaded plugin analytics (category:tool,tabindex:-1)
2023-04-11 02:08:34,491 [INFO] PluginManage:292 - Check plugin clock
2023-04-11 02:08:34,517 [INFO] PluginManage:342 - Loaded plugin clock (category:base,tabindex:2)
2023-04-11 02:08:34,518 [INFO] PluginManage:292 - Check plugin ddr
2023-04-11 02:08:34,520 [INFO] PluginManage:342 - Loaded plugin ddr (category:tool,tabindex:6)
2023-04-11 02:08:34,520 [INFO] PluginManage:292 - Check plugin filemanager
2023-04-11 02:08:34,636 [INFO] PluginManage:342 - Loaded plugin filemanager (category:base,tabindex:10)
2023-04-11 02:08:34,636 [INFO] PluginManage:292 - Check plugin ipmanager
2023-04-11 02:08:34,644 [INFO] PluginManage:342 - Loaded plugin ipmanager (category:base,tabindex:5)
2023-04-11 02:08:34,644 [INFO] PluginManage:292 - Check plugin pinoutandconfiguration
2023-04-11 02:08:34,663 [INFO] PluginManage:342 - Loaded plugin pinoutandconfiguration (category:base,tabindex:1)
2023-04-11 02:08:34,663 [INFO] PluginManage:292 - Check plugin pinoutconfig
2023-04-11 02:08:34,694 [INFO] PluginManage:342 - Loaded plugin pinoutconfig (category:base,tabindex:0)
2023-04-11 02:08:34,695 [INFO] PluginManage:292 - Check plugin power
2023-04-11 02:08:34,717 [INFO] PluginManage:342 - Loaded plugin power (category:power,tabindex:4)
2023-04-11 02:08:34,717 [INFO] PluginManage:292 - Check plugin projectmanager
2023-04-11 02:08:34,731 [INFO] PluginManage:342 - Loaded plugin projectmanager (category:projectmanager,tabindex:3)
2023-04-11 02:08:34,731 [INFO] PluginManage:292 - Check plugin thirdparty
2023-04-11 02:08:34,887 [INFO] ThirdPartyDb:333 - Open Third Party DataBase File (C:/Users/ibrah/.stm32cubemx/plugins/thirdparty/db/thirdparties_db.xml) : 55 ms. number of Sw pack : 63
2023-04-11 02:08:34,891 [INFO] PluginManage:342 - Loaded plugin thirdparty (category:base,tabindex:-1)
2023-04-11 02:08:34,891 [INFO] PluginManage:292 - Check plugin tools
2023-04-11 02:08:34,944 [INFO] PluginManage:342 - Loaded plugin tools (category:base,tabindex:7)
2023-04-11 02:08:34,944 [INFO] PluginManage:292 - Check plugin tutovideos
2023-04-11 02:08:35,151 [INFO] PluginManage:342 - Loaded plugin tutovideos (category:base,tabindex:-1)
2023-04-11 02:08:35,151 [INFO] PluginManage:292 - Check plugin updater
2023-04-11 02:08:35,163 [INFO] PluginManage:342 - Loaded plugin updater (category:base,tabindex:12)
2023-04-11 02:08:35,164 [INFO] PluginManage:265 - PluginManage : Loaded plugins [13]
2023-04-11 02:08:35,343 [INFO] PinOutPanel:1418 - setPackage(No Configuration,No Configuration)
2023-04-11 02:08:35,437 [INFO] IPUIPlugin:64 - create IPUIPlugin
2023-04-11 02:08:35,438 [INFO] PluginManager:200 - loadIPPluginJar : add adc
2023-04-11 02:08:35,469 [INFO] IPUIPlugin:64 - create IPUIPlugin
2023-04-11 02:08:35,469 [INFO] PluginManager:200 - loadIPPluginJar : add aes
2023-04-11 02:08:35,508 [INFO] IPUIPlugin:64 - create IPUIPlugin
2023-04-11 02:08:35,508 [INFO] PluginManager:200 - loadIPPluginJar : add can
2023-04-11 02:08:35,534 [INFO] IPUIPlugin:64 - create IPUIPlugin
2023-04-11 02:08:35,534 [INFO] PluginManager:200 - loadIPPluginJar : add comp
2023-04-11 02:08:35,567 [INFO] IPUIPlugin:64 - create IPUIPlugin
2023-04-11 02:08:35,568 [INFO] PluginManager:200 - loadIPPluginJar : add cryp
2023-04-11 02:08:35,600 [INFO] IPUIPlugin:64 - create IPUIPlugin
2023-04-11 02:08:35,600 [INFO] PluginManager:200 - loadIPPluginJar : add dfsdm
2023-04-11 02:08:35,614 [INFO] IPUIPlugin:64 - create IPUIPlugin
2023-04-11 02:08:35,614 [INFO] PluginManager:200 - loadIPPluginJar : add dma
2023-04-11 02:08:35,641 [INFO] IPUIPlugin:64 - create IPUIPlugin
2023-04-11 02:08:35,642 [INFO] PluginManager:200 - loadIPPluginJar : add fatfs
2023-04-11 02:08:35,701 [INFO] IPUIPlugin:64 - create IPUIPlugin
2023-04-11 02:08:35,701 [INFO] PluginManager:200 - loadIPPluginJar : add fmc
2023-04-11 02:08:35,715 [INFO] IPUIPlugin:64 - create IPUIPlugin
2023-04-11 02:08:35,715 [INFO] PluginManager:200 - loadIPPluginJar : add freertos
2023-04-11 02:08:35,741 [INFO] IPUIPlugin:64 - create IPUIPlugin
2023-04-11 02:08:35,741 [INFO] PluginManager:200 - loadIPPluginJar : add genericplugin
2023-04-11 02:08:35,820 [INFO] IPUIPlugin:64 - create IPUIPlugin
2023-04-11 02:08:35,820 [INFO] PluginManager:200 - loadIPPluginJar : add gfxmmu
2023-04-11 02:08:35,927 [INFO] IPUIPlugin:64 - create IPUIPlugin
2023-04-11 02:08:35,928 [INFO] PluginManager:200 - loadIPPluginJar : add gic
2023-04-11 02:08:35,960 [INFO] IPUIPlugin:64 - create IPUIPlugin
2023-04-11 02:08:35,961 [INFO] PluginManager:200 - loadIPPluginJar : add gpio
2023-04-11 02:08:36,017 [INFO] IPUIPlugin:64 - create IPUIPlugin
2023-04-11 02:08:36,017 [INFO] PluginManager:200 - loadIPPluginJar : add gtzc
2023-04-11 02:08:36,049 [INFO] IPUIPlugin:64 - create IPUIPlugin
2023-04-11 02:08:36,049 [INFO] PluginManager:200 - loadIPPluginJar : add hash
2023-04-11 02:08:36,099 [INFO] IPUIPlugin:64 - create IPUIPlugin
2023-04-11 02:08:36,099 [INFO] PluginManager:200 - loadIPPluginJar : add i2c
2023-04-11 02:08:36,138 [INFO] IPUIPlugin:64 - create IPUIPlugin
2023-04-11 02:08:36,139 [INFO] PluginManager:200 - loadIPPluginJar : add i2s
2023-04-11 02:08:36,149 [INFO] IPUIPlugin:64 - create IPUIPlugin
2023-04-11 02:08:36,150 [INFO] PluginManager:200 - loadIPPluginJar : add ipddr
2023-04-11 02:08:36,185 [INFO] IPUIPlugin:64 - create IPUIPlugin
2023-04-11 02:08:36,186 [INFO] PluginManager:200 - loadIPPluginJar : add ltdc
2023-04-11 02:08:36,197 [INFO] IPUIPlugin:64 - create IPUIPlugin
2023-04-11 02:08:36,198 [INFO] PluginManager:200 - loadIPPluginJar : add mdma
2023-04-11 02:08:36,209 [INFO] IPUIPlugin:64 - create IPUIPlugin
2023-04-11 02:08:36,209 [INFO] PluginManager:200 - loadIPPluginJar : add nvic
2023-04-11 02:08:36,244 [INFO] IPUIPlugin:64 - create IPUIPlugin
2023-04-11 02:08:36,244 [INFO] PluginManager:200 - loadIPPluginJar : add opamp
2023-04-11 02:08:36,304 [INFO] IPUIPlugin:64 - create IPUIPlugin
2023-04-11 02:08:36,304 [INFO] PluginManager:200 - loadIPPluginJar : add openamp
2023-04-11 02:08:36,348 [INFO] IPUIPlugin:64 - create IPUIPlugin
2023-04-11 02:08:36,348 [INFO] PluginManager:200 - loadIPPluginJar : add pdm2pcm
2023-04-11 02:08:36,362 [INFO] IPUIPlugin:64 - create IPUIPlugin
2023-04-11 02:08:36,365 [INFO] PluginManager:200 - loadIPPluginJar : add plateformsettings
2023-04-11 02:08:36,392 [INFO] IPUIPlugin:64 - create IPUIPlugin
2023-04-11 02:08:36,392 [INFO] PluginManager:200 - loadIPPluginJar : add quadspi
2023-04-11 02:08:36,411 [INFO] IPUIPlugin:64 - create IPUIPlugin
2023-04-11 02:08:36,411 [INFO] PluginManager:200 - loadIPPluginJar : add resmgrutility
2023-04-11 02:08:36,465 [INFO] IPUIPlugin:64 - create IPUIPlugin
2023-04-11 02:08:36,465 [INFO] PluginManager:200 - loadIPPluginJar : add sai
2023-04-11 02:08:36,502 [INFO] IPUIPlugin:64 - create IPUIPlugin
2023-04-11 02:08:36,502 [INFO] PluginManager:200 - loadIPPluginJar : add spi
2023-04-11 02:08:36,549 [INFO] IPUIPlugin:64 - create IPUIPlugin
2023-04-11 02:08:36,549 [INFO] PluginManager:200 - loadIPPluginJar : add stm32_wpan
2023-04-11 02:08:36,576 [INFO] IPUIPlugin:64 - create IPUIPlugin
2023-04-11 02:08:36,576 [INFO] PluginManager:200 - loadIPPluginJar : add tim
2023-04-11 02:08:36,632 [INFO] IPUIPlugin:64 - create IPUIPlugin
2023-04-11 02:08:36,633 [INFO] PluginManager:200 - loadIPPluginJar : add touchsensing
2023-04-11 02:08:36,659 [INFO] IPUIPlugin:64 - create IPUIPlugin
2023-04-11 02:08:36,659 [INFO] PluginManager:200 - loadIPPluginJar : add tracer_emb
2023-04-11 02:08:36,688 [INFO] IPUIPlugin:64 - create IPUIPlugin
2023-04-11 02:08:36,688 [INFO] PluginManager:200 - loadIPPluginJar : add ts
2023-04-11 02:08:36,715 [INFO] IPUIPlugin:64 - create IPUIPlugin
2023-04-11 02:08:36,715 [INFO] PluginManager:200 - loadIPPluginJar : add tsc
2023-04-11 02:08:36,740 [INFO] IPUIPlugin:64 - create IPUIPlugin
2023-04-11 02:08:36,740 [INFO] PluginManager:200 - loadIPPluginJar : add ucpd
2023-04-11 02:08:36,782 [INFO] IPUIPlugin:64 - create IPUIPlugin
2023-04-11 02:08:36,782 [INFO] PluginManager:200 - loadIPPluginJar : add usart
2023-04-11 02:08:37,409 [INFO] CubeProgrammer:457 - [DDR PANEL] - PathOfProgrammer: null
2023-04-11 02:08:37,958 [FATAL] Updater:282 - Updater called before beeing initialized
2023-04-11 02:08:38,109 [FATAL] Updater:282 - Updater called before beeing initialized
2023-04-11 02:08:38,109 [WARN] ThirdParty:775 - waiting for thirdparty lock release [close project]
2023-04-11 02:08:38,109 [INFO] ThirdParty:777 - entering critical section [close project]
2023-04-11 02:08:38,120 [INFO] ThirdParty:790 - exiting critical section [close project]
2023-04-11 02:08:38,124 [INFO] PinOutPanel:1418 - setPackage(No Configuration,No Configuration)
2023-04-11 02:08:38,124 [FATAL] Updater:282 - Updater called before beeing initialized
2023-04-11 02:08:38,146 [ERROR] Updater:967 - MainUpdater not yet initialized. External WinMGr cannot be set.
2023-04-11 02:08:38,148 [INFO] CubeProgrammer:457 - [DDR PANEL] - PathOfProgrammer: C:\ST\STM32CubeIDE_1.4.0\STM32CubeIDE\plugins\com.st.stm32cube.ide.mcu.externaltools.cubeprogrammer.win32_1.4.0.202007081208\tools\bin
2023-04-11 02:08:38,150 [INFO] ProgrammerExecThread:148 - [ProgrammerAPI] CubeProgrammer command construction: C:\ST\STM32CubeIDE_1.4.0\STM32CubeIDE\plugins\com.st.stm32cube.ide.mcu.externaltools.cubeprogrammer.win32_1.4.0.202007081208\tools\bin\STM32_Programmer_CLI.exe -l
2023-04-11 02:08:38,452 [INFO] MainDdrPanel:49 - [DDR PANEL] SETTER - Set cubeProgrammerPath to: C:\ST\STM32CubeIDE_1.4.0\STM32CubeIDE\plugins\com.st.stm32cube.ide.mcu.externaltools.cubeprogrammer.win32_1.4.0.202007081208\tools\bin
2023-04-11 02:08:38,549 [INFO] Updater:904 - Updater Version found : 6.0.0
2023-04-11 02:08:38,566 [INFO] ApplicationProperties:181 - Using Application install path: C:\ST\STM32CubeIDE_1.4.0\STM32CubeIDE\plugins\com.st.stm32cube.common.mx_6.0.0.202007160824
2023-04-11 02:08:39,060 [INFO] MainUpdater:2268 - connection check result : 10
2023-04-11 02:08:39,061 [INFO] MainUpdater:239 - Updater Check For Update Now.
2023-04-11 02:08:39,061 [INFO] MicroXplorer:414 - Change Database Version : DB.6.0.0
2023-04-11 02:08:39,116 [INFO] CheckServerUpdateThread:102 - End of CheckServer Thread
2023-04-11 02:08:39,186 [INFO] MainUpdater:2268 - connection check result : 10
2023-04-11 02:08:39,572 [INFO] McuFinderGlobals:40 - Set McuFinder mode to 2 (CubeIDE integrated)
2023-04-11 02:08:39,703 [INFO] CrossSelectorPresenter:1330 - Cross Selector saved comparison directory: C:\Users\ibrah\.stmcufinder\plugins\mcufinder\mcu\cs_comparisons_mx
2023-04-11 02:08:39,708 [INFO] MultiScanPanel:193 - Auto-refresh data requested => check proxy status ongoing
2023-04-11 02:08:39,711 [INFO] FinderPluginLoader:87 - Searching for filters in installed packs
2023-04-11 02:08:39,712 [INFO] DbMcusXml:100 - Load MCU database from C:\ST\STM32CubeIDE_1.4.0\STM32CubeIDE\plugins\com.st.stm32cube.common.mx_6.0.0.202007160824\\db\/mcu/families.xml
2023-04-11 02:08:40,191 [INFO] DbMcusJson:92 - JSON generation date=Tue Nov 16 18:17:54 EET 2021 (1637079474)
2023-04-11 02:08:40,821 [INFO] DbMcus:175 - Found 1761 MCUs (1722 are supported by CubeMX, 1911 are visible in CubeMX)
2023-04-11 02:08:40,824 [INFO] ApiDb:201 - Load user favorites file C:\Users\ibrah/.stm32cubeide/favorites.mcus.txt: 0 item(s)
2023-04-11 02:08:40,824 [INFO] ApiDb:205 - User favorites MCUs=[]
2023-04-11 02:08:40,824 [INFO] DbMcus:187 - Set 0 / 0 favorites MCUs
2023-04-11 02:08:40,892 [WARN] IntegrityCheckThread:61 - waiting for thirdparty lock release [integrity check]
2023-04-11 02:08:40,892 [INFO] IntegrityCheckThread:63 - entering critical section [integrity check]
2023-04-11 02:08:41,222 [INFO] LoadUrlFilesThread:162 - End of LoadServerUrlFiles without Thread
2023-04-11 02:08:41,232 [INFO] DetailPanel:331 - Set advertising image to C:/Users/ibrah/STM32Cube/Repository/\stm32cubemx-promo_image.jpg
2023-04-11 02:08:41,478 [INFO] McuFilterPanel:245 - Update 0 favorites MCUs
2023-04-11 02:08:41,561 [INFO] DbBoardsPdsc:94 - Found 23 items
2023-04-11 02:08:41,571 [INFO] DbBoardsPdsc:94 - Found 9 items
2023-04-11 02:08:41,586 [INFO] DbBoardsPdsc:94 - Found 29 items
2023-04-11 02:08:41,596 [INFO] DbBoardsPdsc:94 - Found 1 items
2023-04-11 02:08:41,622 [INFO] DbBoardsPdsc:94 - Found 44 items
2023-04-11 02:08:41,637 [INFO] DbBoardsPdsc:94 - Found 40 items
2023-04-11 02:08:41,646 [INFO] DbBoardsPdsc:94 - Found 2 items
2023-04-11 02:08:41,655 [INFO] DbBoardsPdsc:94 - Found 4 items
2023-04-11 02:08:41,662 [WARN] DbBoardsPdsc:258 - Board STM32H7B3I-DK: unknown feature type=Audio, name=, username=Audio stereo codec with Headphone Amp (CS42L51-CNZ), n=1
2023-04-11 02:08:41,662 [WARN] DbBoardsPdsc:258 - Board STM32H735G-DK: unknown feature type=Audio, name=, username=Audio stereo codec with Headphone Amp (WM8994ECS/R), n=1
2023-04-11 02:08:41,664 [WARN] DbBoardsPdsc:258 - Board STM32H7B3I-EVAL: unknown feature type=Audio, name=, username=Multi-Channel Audio Codec (CS42L51-CNZ), n=1
2023-04-11 02:08:41,665 [WARN] DbBoardsPdsc:258 - Board STM32H7B3I-EVAL: unknown feature type=Meter, name=, username=Power-metering and Temperature-monitoring with sigma-delta modulators, n=1
2023-04-11 02:08:41,665 [WARN] DbBoardsPdsc:258 - Board STM32H7B3I-EVAL: unknown feature type=Motor, name=, username=Motor Control, n=1
2023-04-11 02:08:41,683 [INFO] ThirdPartyDb:299 - Save Third Party DataBase File (C:/Users/ibrah/.stm32cubemx/plugins/thirdparty/db/thirdparties_db.xml) [forced]
2023-04-11 02:08:41,695 [INFO] DbBoardsJson:85 - JSON generation date=Tue Nov 16 18:17:54 EET 2021 (1637079474)
2023-04-11 02:08:41,702 [INFO] DbBoards:117 - Found 166 boards (149 are supported by CubeMX)
2023-04-11 02:08:41,714 [INFO] DbBoardsDocs:145 - JSON generation date=Tue Nov 16 18:17:54 EET 2021 (1637079474)
2023-04-11 02:08:41,719 [INFO] DbBoardsDocs:81 - Found 209 boards documents
2023-04-11 02:08:41,720 [WARN] DbBoards:127 - board B-L475E-IOT01A2 has no document id list !
2023-04-11 02:08:41,721 [WARN] DbBoards:127 - board NUCLEO-H743ZI has no document id list !
2023-04-11 02:08:41,723 [WARN] DbBoards:127 - board P-NUCLEO-WB55-Nucleo has no document id list !
2023-04-11 02:08:41,723 [WARN] DbBoards:127 - board P-NUCLEO-WB55-USBDongle has no document id list !
2023-04-11 02:08:41,723 [WARN] DbBoards:127 - board STEVAL-BFA001V1B has no document id list !
2023-04-11 02:08:41,724 [WARN] DbBoards:127 - board STEVAL-BFA001V2B has no document id list !
2023-04-11 02:08:41,724 [WARN] DbBoards:127 - board STEVAL-IDP005V1 has no document id list !
2023-04-11 02:08:41,724 [WARN] DbBoards:127 - board STEVAL-IDP005V2 has no document id list !
2023-04-11 02:08:41,724 [WARN] DbBoards:127 - board STEVAL-MKSBOX1V1 has no document id list !
2023-04-11 02:08:41,724 [WARN] DbBoards:127 - board STEVAL-STWINKT1 has no document id list !
2023-04-11 02:08:41,724 [WARN] DbBoards:127 - board STEVAL-STWINKT1B has no document id list !
2023-04-11 02:08:41,724 [WARN] DbBoards:127 - board STM32439I-EVAL2 has no document id list !
2023-04-11 02:08:41,724 [WARN] DbBoards:127 - board STM32F401C-DISCO has no document id list !
2023-04-11 02:08:41,725 [WARN] DbBoards:127 - board STM32F769I-DISC1 has no document id list !
2023-04-11 02:08:41,726 [WARN] DbBoards:127 - board STM32G474E-EVAL1 has no document id list !
2023-04-11 02:08:41,726 [WARN] DbBoards:127 - board STM32H743I-EVAL2 has no document id list !
2023-04-11 02:08:41,726 [WARN] DbBoards:127 - board STM32H747I-DISC1 has no document id list !
2023-04-11 02:08:41,726 [WARN] DbBoards:127 - board STM32H753I-EVAL2 has no document id list !
2023-04-11 02:08:41,727 [WARN] DbBoards:127 - board STM32L-DISCOVERY has no document id list !
2023-04-11 02:08:41,746 [INFO] ThirdPartyDb:299 - Save Third Party DataBase File (C:/Users/ibrah/.stm32cubemx/plugins/thirdparty/db/thirdparties_db.xml) [forced]
2023-04-11 02:08:41,824 [ERROR] DbBoards:189 - Image file not found for board B-L462E-CELL1: C:\ST\STM32CubeIDE_1.4.0\STM32CubeIDE\plugins\com.st.stm32cube.common.mx_6.0.0.202007160824\\db\/plugins/mcufinder/images/boards/B-L462E-CELL1_small.jpg
2023-04-11 02:08:41,834 [INFO] IntegrityCheckThread:76 - exiting critical section [integrity check]
2023-04-11 02:08:41,835 [INFO] IntegrityCheckThread:79 - End integrity checks thread
2023-04-11 02:08:41,881 [ERROR] DbBoards:189 - Image file not found for board B-U585I-IOT02A: C:\ST\STM32CubeIDE_1.4.0\STM32CubeIDE\plugins\com.st.stm32cube.common.mx_6.0.0.202007160824\\db\/plugins/mcufinder/images/boards/B-U585I-IOT02A_small.jpg
2023-04-11 02:08:41,968 [ERROR] DbBoards:189 - Image file not found for board NUCLEO-F413ZH: C:\ST\STM32CubeIDE_1.4.0\STM32CubeIDE\plugins\com.st.stm32cube.common.mx_6.0.0.202007160824\\db\/plugins/mcufinder/images/boards/nucleo-f413zh_small.jpg
2023-04-11 02:08:42,078 [ERROR] DbBoards:189 - Image file not found for board NUCLEO-L552ZE-Q: C:\ST\STM32CubeIDE_1.4.0\STM32CubeIDE\plugins\com.st.stm32cube.common.mx_6.0.0.202007160824\\db\/plugins/mcufinder/images/boards/nucleo_l552ze_q_small.jpg
2023-04-11 02:08:42,078 [ERROR] DbBoards:189 - Image file not found for board NUCLEO-U575ZI-Q: C:\ST\STM32CubeIDE_1.4.0\STM32CubeIDE\plugins\com.st.stm32cube.common.mx_6.0.0.202007160824\\db\/plugins/mcufinder/images/boards/nucleo-u575zi-q_small.jpg
2023-04-11 02:08:42,078 [ERROR] DbBoards:189 - Image file not found for board NUCLEO-WB15CC: C:\ST\STM32CubeIDE_1.4.0\STM32CubeIDE\plugins\com.st.stm32cube.common.mx_6.0.0.202007160824\\db\/plugins/mcufinder/images/boards/nucleo-wb15cc_small.jpg
2023-04-11 02:08:42,079 [ERROR] DbBoards:189 - Image file not found for board NUCLEO-WB55RG: C:\ST\STM32CubeIDE_1.4.0\STM32CubeIDE\plugins\com.st.stm32cube.common.mx_6.0.0.202007160824\\db\/plugins/mcufinder/images/boards/nucleo-wb55rg_small.jpg
2023-04-11 02:08:42,079 [ERROR] DbBoards:189 - Image file not found for board NUCLEO-WL55JC: C:\ST\STM32CubeIDE_1.4.0\STM32CubeIDE\plugins\com.st.stm32cube.common.mx_6.0.0.202007160824\\db\/plugins/mcufinder/images/boards/nucleo-wl55jc-small.jpg
2023-04-11 02:08:42,208 [ERROR] DbBoards:189 - Image file not found for board STEVAL-STWINKT1B: C:\ST\STM32CubeIDE_1.4.0\STM32CubeIDE\plugins\com.st.stm32cube.common.mx_6.0.0.202007160824\\db\/plugins/mcufinder/images/boards/steval-stwinkt1b_small.jpg
2023-04-11 02:08:42,499 [ERROR] DbBoards:189 - Image file not found for board STM32G0C1E-EV: C:\ST\STM32CubeIDE_1.4.0\STM32CubeIDE\plugins\com.st.stm32cube.common.mx_6.0.0.202007160824\\db\/plugins/mcufinder/images/boards/stm32g0c1e-eval_small.jpg
2023-04-11 02:08:42,580 [ERROR] DbBoards:189 - Image file not found for board STM32H7B3I-EVAL: C:\ST\STM32CubeIDE_1.4.0\STM32CubeIDE\plugins\com.st.stm32cube.common.mx_6.0.0.202007160824\\db\/plugins/mcufinder/images/boards/stm32h7b3ieval_small.jpg
2023-04-11 02:08:42,768 [ERROR] DbBoards:189 - Image file not found for board STM32U575I-EV: C:\ST\STM32CubeIDE_1.4.0\STM32CubeIDE\plugins\com.st.stm32cube.common.mx_6.0.0.202007160824\\db\/plugins/mcufinder/images/boards/stm32u575i-ev_small.jpg
2023-04-11 02:08:42,796 [ERROR] DbBoards:189 - Image file not found for board STM32WB5MM-DK: C:\ST\STM32CubeIDE_1.4.0\STM32CubeIDE\plugins\com.st.stm32cube.common.mx_6.0.0.202007160824\\db\/plugins/mcufinder/images/boards/STM32WB5MM-DK_small.jpg
2023-04-11 02:08:42,796 [INFO] ApiDb:201 - Load user favorites file C:\Users\ibrah/.stm32cubeide/favorites.boards.txt: 0 item(s)
2023-04-11 02:08:42,796 [INFO] ApiDb:205 - User favorites Boards=[]
2023-04-11 02:08:42,796 [INFO] DbBoards:206 - Set 0 / 0 favorites Boards
2023-04-11 02:08:57,107 [INFO] DbMcusDocs:145 - JSON generation date=Tue Nov 16 18:17:54 EET 2021 (1637079474)
2023-04-11 02:08:57,324 [INFO] DbMcusDocs:81 - Found 682 MCUs documents
2023-04-11 02:09:03,142 [INFO] ServerAccessManage:348 - Download File 
2023-04-11 02:09:03,293 [INFO] LoadUrlFilesThread:162 - End of LoadServerUrlFiles without Thread
2023-04-11 02:09:03,301 [INFO] McuAction:183 - Block Diagram
2023-04-11 02:09:43,590 [INFO] RetryExec:97 - I/O exception (org.apache.http.NoHttpResponseException) caught when processing request to {s}->https://download.eclipse.org:443: The target server failed to respond
2023-04-11 02:09:43,592 [INFO] RetryExec:113 - Retrying request to {s}->https://download.eclipse.org:443
2023-04-11 02:09:44,381 [INFO] RetryExec:97 - I/O exception (org.apache.http.NoHttpResponseException) caught when processing request to {s}->https://archive.eclipse.org:443: The target server failed to respond
2023-04-11 02:09:44,381 [INFO] RetryExec:113 - Retrying request to {s}->https://archive.eclipse.org:443
2023-04-11 02:11:43,408 [INFO] LogOutputStream:76 - [STDOUT_REDIRECT] withoutVersionV1.8.4
2023-04-11 02:11:43,408 [INFO] LogOutputStream:76 - [STDOUT_REDIRECT] withoutVersionV1.8.3
2023-04-11 02:11:43,409 [INFO] LogOutputStream:76 - [STDOUT_REDIRECT] withoutVersionV1.8.2
2023-04-11 02:11:43,409 [INFO] LogOutputStream:76 - [STDOUT_REDIRECT] withoutVersionV1.8.1
2023-04-11 02:11:43,409 [INFO] LogOutputStream:76 - [STDOUT_REDIRECT] withoutVersionV1.8.0
2023-04-11 02:11:46,696 [INFO] ApiDb:226 - Save user favorites file C:\Users\ibrah/.stm32cubeide/favorites.mcus.txt: 0 item(s)
2023-04-11 02:11:46,697 [INFO] ApiDb:230 - User favorites MCUs=[]
2023-04-11 02:13:48,405 [INFO] Activator:178 - 


2023-04-11 02:13:48,408 [INFO] Activator:179 - !SESSION log4j initialized
